{
  "0 debug pnpm:scope": {
    "selected": 1
  },
  "1 debug pnpm:package-manifest": {
    "initial": {
      "name": "webpack-modern",
      "private": "false",
      "dependencies": {
        "start": "webpack --config webpack.config.js"
      },
      "devDependencies": {
        "webpack": "5.75.0"
      }
    },
    "prefix": "/Users/wangshian/Desktop/re-search/webpack-feature-test/package/modern"
  },
  "2 debug pnpm:context": {
    "currentLockfileExists": false,
    "storeDir": "/Users/wangshian/.pnpm-store/v3",
    "virtualStoreDir": "/Users/wangshian/Desktop/re-search/webpack-feature-test/package/modern/node_modules/.pnpm"
  },
  "3 debug pnpm:stage": {
    "prefix": "/Users/wangshian/Desktop/re-search/webpack-feature-test/package/modern",
    "stage": "resolution_started"
  },
  "4 error pnpm": {
    "code": "ERR_PNPM_SPEC_NOT_SUPPORTED_BY_ANY_RESOLVER",
    "pkgsStack": [],
    "err": {
      "name": "pnpm",
      "message": "start@webpack --config webpack.config.js isn't supported by any available resolver.",
      "code": "ERR_PNPM_SPEC_NOT_SUPPORTED_BY_ANY_RESOLVER",
      "stack": "pnpm: start@webpack --config webpack.config.js isn't supported by any available resolver.\n    at Object.resolve (/usr/local/lib/node_modules/pnpm/dist/pnpm.cjs:86225:17)\n    at async run (/usr/local/lib/node_modules/pnpm/dist/pnpm.cjs:74299:23)"
    }
  }
}